2022/09/05 22:29:05 [DTH] TESTING  Event is Starting...........
2022/09/05 22:29:07 JobID ->  7469fa9f-dee8-47a2-93ec-fc56d47c395c  executionId ->  178
2022/09/05 22:30:05 [DTH] TESTING  Event is Starting...........
2022/09/05 22:30:06 JobID ->  7469fa9f-dee8-47a2-93ec-fc56d47c395c  executionId ->  179
2022/09/05 22:31:05 [DTH] TESTING  Event is Starting...........
2022/09/05 22:31:06 JobID ->  7469fa9f-dee8-47a2-93ec-fc56d47c395c  executionId ->  180
2022/09/05 22:32:05 [DTH] TESTING  Event is Starting...........
2022/09/05 22:32:06 JobID ->  7469fa9f-dee8-47a2-93ec-fc56d47c395c  executionId ->  181
2022/09/05 22:33:05 [DTH] TESTING  Event is Starting...........
2022/09/05 22:33:06 JobID ->  7469fa9f-dee8-47a2-93ec-fc56d47c395c  executionId ->  182
2022/09/05 22:34:05 [DTH] TESTING  Event is Starting...........
2022/09/05 22:34:07 JobID ->  7469fa9f-dee8-47a2-93ec-fc56d47c395c  executionId ->  183
2022/09/05 22:35:05 [DTH] TESTING  Event is Starting...........
2022/09/05 22:35:06 JobID ->  7469fa9f-dee8-47a2-93ec-fc56d47c395c  executionId ->  184
2022/09/05 22:36:05 [DTH] TESTING  Event is Starting...........
2022/09/05 22:36:06 JobID ->  7469fa9f-dee8-47a2-93ec-fc56d47c395c  executionId ->  185
2022/09/05 22:37:05 [DTH] TESTING  Event is Starting...........
2022/09/05 22:37:05 Wrong Event instruction: adfa
2022/09/06 13:59:05 [DTH] TESTING  Event is Starting...........
2022/09/06 13:59:07 JobID ->  7469fa9f-dee8-47a2-93ec-fc56d47c395c  executionId ->  186
2022/09/06 14:00:05 [DTH] TESTING  Event is Starting...........
2022/09/06 14:00:06 JobID ->  7469fa9f-dee8-47a2-93ec-fc56d47c395c  executionId ->  187
2022/09/06 14:02:05 [DTH] TESTING  Event is Starting...........
2022/09/06 14:02:06 JobID ->  7469fa9f-dee8-47a2-93ec-fc56d47c395c  executionId ->  188
2022/09/06 16:01:26 Unable to retrieve the events: Get "https://www.googleapis.com/calendar/v3/calendars/c_ul2f5s0g93ib5efh11r23c7ink%40group.calendar.google.com/events?alt=json&maxResults=10&orderBy=startTime&prettyPrint=false&showDeleted=false&singleEvents=true&timeMin=2022-09-06T13%3A57%3A00%2B07%3A00": read tcp 172.16.200.49:56325->142.250.199.42:443: read: connection reset by peer
2022/09/07 16:26:05 [DTH] TESTING  Event is Starting...........
2022/09/07 16:26:10 JobID ->  7469fa9f-dee8-47a2-93ec-fc56d47c395c  executionId ->  191
2022/09/07 16:27:05 [DTH] TESTING  Event is Starting...........
2022/09/07 16:27:06 JobID ->  7469fa9f-dee8-47a2-93ec-fc56d47c395c  executionId ->  192
2022/09/07 16:47:05 [DTH] TESTING  Event is Starting...........
2022/09/07 16:47:07 JobID ->  7469fa9f-dee8-47a2-93ec-fc56d47c395c  executionId ->  193
2022/09/07 16:48:05 [DTH] TESTING  Event is Starting...........
2022/09/07 16:48:06 JobID ->  7469fa9f-dee8-47a2-93ec-fc56d47c395c  executionId ->  194
2022/09/07 16:59:05 [DTH] TESTING  Event is Starting...........
2022/09/07 16:59:06 JobID ->  7469fa9f-dee8-47a2-93ec-fc56d47c395c  executionId ->  195
2022/09/07 17:03:05 [DTH] TESTING  Event is Starting...........
2022/09/07 17:03:07 JobID ->  4175475a-ecfd-4677-8bb7-0909fe2ab2f8  executionId ->  196
